<?xml version="1.0" encoding="UTF-8"?>
<!-- Generated by org.testng.reporters.JUnitReportReporter -->
<testsuite hostname="hiteshpatiyal2566" failures="0" tests="11" name="QKART_TESTNG.QKART_Tests" time="372.333" errors="0" timestamp="2023-07-29T20:55:49 IST" skipped="0">
  <testcase classname="QKART_TESTNG.QKART_Tests" name="TestCase01" time="8.550"/>
  <system-out/>
  <testcase classname="QKART_TESTNG.QKART_Tests" name="TestCase02" time="34.396"/>
  <system-out/>
  <testcase classname="QKART_TESTNG.QKART_Tests" name="TestCase03" time="34.972"/>
  <system-out/>
  <testcase classname="QKART_TESTNG.QKART_Tests" name="TestCase04" time="11.820"/>
  <system-out/>
  <testcase classname="QKART_TESTNG.QKART_Tests" name="TestCase05" time="50.217"/>
  <system-out/>
  <testcase classname="QKART_TESTNG.QKART_Tests" name="TestCase06" time="29.109"/>
  <system-out/>
  <testcase classname="QKART_TESTNG.QKART_Tests" name="TestCase07" time="153.461"/>
  <system-out/>
  <testcase classname="QKART_TESTNG.QKART_Tests" name="TestCase08" time="15.417"/>
  <system-out/>
  <testcase classname="QKART_TESTNG.QKART_Tests" name="TestCase09" time="8.327"/>
  <system-out/>
  <testcase classname="QKART_TESTNG.QKART_Tests" name="TestCase10" time="2.306"/>
  <system-out/>
  <testcase classname="QKART_TESTNG.QKART_Tests" name="TestCase11" time="23.758"/>
  <system-out/>
</testsuite> <!-- QKART_TESTNG.QKART_Tests -->
